<?xml version="1.0" encoding="UTF-8"?>
<!-- Generated by org.testng.reporters.JUnitXMLReporter -->
<testsuite hostname="DESKTOP-JU827HG" name="Test" tests="2" failures="1" timestamp="11 Mar 2018 09:33:20 GMT" time="15.114" errors="0">
  <testcase name="ExtentReportFailureScreenshot" time="0.053" classname="MyMavenProject.MyMavenExtentReport.ExtentReportScreenshot">
    <failure type="java.lang.AssertionError" message="expected [Google12] but found [Google]">
      <![CDATA[java.lang.AssertionError: expected [Google12] but found [Google]
	at MyMavenProject.MyMavenExtentReport.ExtentReportScreenshot.ExtentReportFailureScreenshot(ExtentReportScreenshot.java:86)
... Removed 29 stack frames]]>
    </failure>
  </testcase> <!-- ExtentReportFailureScreenshot -->
  <testcase name="yahooLogoTest" time="0.069" classname="MyMavenProject.MyMavenExtentReport.ExtentReportScreenshot"/>
</testsuite> <!-- Test -->
