<?xml version="1.0" encoding="UTF-8"?>
<!-- Generated by org.testng.reporters.JUnitXMLReporter -->
<testsuite hostname="DESKTOP-JU827HG" name="Demoxml" tests="2" failures="0" timestamp="20 Feb 2018 11:20:17 GMT" time="32.323" errors="0">
  <testcase name="verifyTitle" time="14.018" classname="MyMavenProject.MyMavenProjectPractice.JenkinsTestChromeLaunch"/>
  <testcase name="verifyTitle" time="18.274" classname="MyMavenProject.MyMavenProjectPractice.JenkinsTestYahooLaunch"/>
</testsuite> <!-- Demoxml -->
