<?xml version="1.0" encoding="UTF-8"?>
<testng-results skipped="0" failed="0" total="1" passed="1">
  <reporter-output>
  </reporter-output>
  <suite name="Demo" duration-ms="12674" started-at="2018-02-19T15:46:26Z" finished-at="2018-02-19T15:46:38Z">
    <groups>
    </groups>
    <test name="Demoxml" duration-ms="12674" started-at="2018-02-19T15:46:26Z" finished-at="2018-02-19T15:46:38Z">
      <class name="MyMavenProject.MyMavenProjectPractice.JenkinsTestChromeLaunch">
        <test-method status="PASS" signature="verifyTitle()[pri:0, instance:MyMavenProject.MyMavenProjectPractice.JenkinsTestChromeLaunch@39aeed2f]" name="verifyTitle" duration-ms="12659" started-at="2018-02-19T21:16:26Z" finished-at="2018-02-19T21:16:38Z">
          <reporter-output>
          </reporter-output>
        </test-method> <!-- verifyTitle -->
      </class> <!-- MyMavenProject.MyMavenProjectPractice.JenkinsTestChromeLaunch -->
    </test> <!-- Demoxml -->
  </suite> <!-- Demo -->
</testng-results>
