<?xml version="1.0" encoding="UTF-8"?>
<testng-results skipped="0" failed="0" ignored="0" total="1" passed="1">
  <reporter-output>
  </reporter-output>
  <suite name="Demo" duration-ms="13358" started-at="2018-02-19T12:51:10Z" finished-at="2018-02-19T12:51:24Z">
    <groups>
    </groups>
    <test name="Demoxml" duration-ms="13358" started-at="2018-02-19T12:51:10Z" finished-at="2018-02-19T12:51:24Z">
      <class name="MyMavenProject.MyMavenProjectPractice.JenkinsTestChromeLaunch">
        <test-method status="PASS" signature="verifyTitle()[pri:0, instance:MyMavenProject.MyMavenProjectPractice.JenkinsTestChromeLaunch@cb5822]" name="verifyTitle" duration-ms="13323" started-at="2018-02-19T12:51:10Z" finished-at="2018-02-19T12:51:24Z">
          <reporter-output>
          </reporter-output>
        </test-method> <!-- verifyTitle -->
      </class> <!-- MyMavenProject.MyMavenProjectPractice.JenkinsTestChromeLaunch -->
    </test> <!-- Demoxml -->
  </suite> <!-- Demo -->
</testng-results>
