<?xml version="1.0" encoding="UTF-8"?>
<!-- Generated by org.testng.reporters.JUnitXMLReporter -->
<testsuite hostname="DESKTOP-JU827HG" name="Demoxml" tests="2" failures="0" timestamp="20 Feb 2018 13:12:00 GMT" time="34.054" errors="0">
  <testcase name="verifyTitle" time="14.364" classname="MyMavenProject.MyMavenProjectPractice.JenkinsTestChromeLaunch"/>
  <testcase name="verifyTitle" time="19.67" classname="MyMavenProject.MyMavenProjectPractice.JenkinsTestYahooLaunch"/>
</testsuite> <!-- Demoxml -->
